[2016-08-04 10:35:41] START
[2016-08-04 10:35:51] CREATE tabelas.py: 0
[2016-08-04 10:36:14] EDIT modelo/models/tabelas.py: 20
[2016-08-04 10:43:30] EDIT modelo/models/tabelas.py: 0
[2016-08-04 10:44:47] EDIT modelo/models/tabelas.py: 0
[2016-08-04 10:45:04] EDIT modelo/models/tabelas.py: 0
[2016-08-04 10:45:24] EDIT modelo/models/tabelas.py: 0
[2016-08-04 10:46:12] EDIT modelo/models/tabelas.py: 0
[2016-08-04 10:47:21] EDIT modelo/models/tabelas.py: 0
[2016-08-04 10:47:31] EDIT modelo/models/tabelas.py: 0
[2016-08-04 10:48:04] CREATE validadores.py: 0
[2016-08-04 10:49:06] EDIT modelo/models/validadores.py: 10
[2016-08-04 10:49:26] EDIT modelo/models/validadores.py: 3
[2016-08-04 10:49:33] EDIT modelo/models/validadores.py: -3
[2016-08-04 10:49:49] EDIT modelo/models/tabelas.py: 0
[2016-08-04 10:50:23] EDIT modelo/models/validadores.py: -1
[2016-08-04 10:50:47] EDIT modelo/models/validadores.py: 0
[2016-08-04 10:51:11] EDIT modelo/models/validadores.py: 0
[2016-08-04 10:51:16] EDIT modelo/models/validadores.py: 0
[2016-08-04 10:51:29] EDIT modelo/models/validadores.py: 0
[2016-08-04 10:52:04] EDIT modelo/models/validadores.py: 0
[2016-08-04 10:52:24] EDIT modelo/models/validadores.py: 0
[2016-08-04 10:55:04] EDIT modelo/models/validadores.py: 1
[2016-08-04 10:55:46] EDIT modelo/models/validadores.py: 0
[2016-08-04 10:55:53] EDIT modelo/models/validadores.py: 0
[2016-08-04 10:56:13] EDIT modelo/models/validadores.py: 0
[2016-08-04 10:57:17] EDIT modelo/models/tabelas.py: 1
[2016-08-04 10:59:00] EDIT modelo/models/tabelas.py: 3
[2016-08-04 11:00:16] EDIT modelo/models/tabelas.py: 6
[2016-08-04 11:01:26] EDIT modelo/models/tabelas.py: -9
[2016-08-04 11:01:36] EDIT modelo/models/tabelas.py: 0
[2016-08-04 11:02:19] EDIT modelo/models/tabelas.py: 0
[2016-08-04 11:02:37] EDIT modelo/models/validadores.py: 0
[2016-08-04 11:02:44] EDIT modelo/models/validadores.py: 0
[2016-08-04 11:03:16] EDIT modelo/models/tabelas.py: 1
[2016-08-04 11:03:35] EDIT modelo/models/tabelas.py: 0
[2016-08-04 11:03:46] EDIT modelo/models/validadores.py: 0
[2016-08-04 11:04:09] EDIT modelo/models/validadores.py: 0
[2016-08-04 11:05:16] CREATE filme.py: 0
[2016-08-04 11:06:03] EDIT modelo/controllers/filme.py: 1
[2016-08-04 11:08:32] EDIT modelo/models/tabelas.py: 1
[2016-08-04 11:08:34] EDIT modelo/models/tabelas.py: 0
[2016-08-04 11:09:06] EDIT modelo/controllers/filme.py: 9
[2016-08-04 11:09:26] EDIT modelo/controllers/filme.py: 0
[2016-08-04 11:11:15] EDIT modelo/controllers/filme.py: 3
[2016-08-04 11:11:33] EDIT modelo/controllers/filme.py: 0
[2016-08-04 11:12:21] EDIT modelo/controllers/filme.py: 11
[2016-08-04 11:12:52] EDIT modelo/controllers/filme.py: 4
[2016-08-04 11:13:09] EDIT modelo/controllers/filme.py: 0
[2016-08-04 11:13:21] EDIT modelo/controllers/filme.py: 0
[2016-08-04 11:13:26] EDIT modelo/controllers/filme.py: 0
[2016-08-04 11:13:46] EDIT modelo/controllers/filme.py: 0
[2016-08-04 11:14:51] EDIT modelo/controllers/filme.py: 7
[2016-08-04 11:16:05] EDIT modelo/controllers/filme.py: 4
[2016-08-04 11:16:37] CREATE locacao.py: 0
[2016-08-04 11:16:42] EDIT modelo/controllers/locacao.py: -1
[2016-08-04 11:18:16] EDIT modelo/controllers/locacao.py: 29
[2016-08-04 11:18:42] CREATE estoque.py: 0
[2016-08-04 11:18:53] EDIT modelo/controllers/estoque.py: 10
[2016-08-04 11:19:02] EDIT modelo/controllers/estoque.py: 3
[2016-08-04 11:19:26] EDIT modelo/controllers/estoque.py: 15
[2016-08-04 11:19:42] EDIT modelo/controllers/estoque.py: 0
[2016-08-04 11:19:59] EDIT modelo/models/tabelas.py: 0
[2016-08-04 11:20:15] EDIT modelo/models/validadores.py: 0
[2016-08-04 11:20:18] EDIT modelo/models/validadores.py: 0
[2016-08-04 11:20:42] EDIT modelo/controllers/estoque.py: 0
[2016-08-04 11:20:46] EDIT modelo/controllers/estoque.py: 0
[2016-08-04 11:20:48] EDIT modelo/controllers/estoque.py: 0
[2016-08-04 11:20:53] EDIT modelo/controllers/estoque.py: 0
[2016-08-04 11:20:57] EDIT modelo/controllers/estoque.py: 0
[2016-08-04 11:21:09] EDIT modelo/controllers/estoque.py: 0
[2016-08-04 11:21:11] EDIT modelo/controllers/estoque.py: 0
[2016-08-04 11:21:17] EDIT modelo/controllers/estoque.py: 0
[2016-08-04 11:29:22] EDIT modelo/models/tabelas.py: 0
[2016-08-04 11:29:31] EDIT modelo/models/validadores.py: 0
[2016-08-04 11:29:48] EDIT modelo/models/validadores.py: 0
[2016-08-04 11:30:53] EDIT modelo/models/menu.py: -91
[2016-08-04 11:30:54] EDIT modelo/models/menu.py: 0
[2016-08-04 11:31:50] EDIT modelo/models/menu.py: 91
[2016-08-04 11:32:45] EDIT modelo/models/menu.py: 0
[2016-08-04 11:35:17] CREATE menu-personalizado.py: 0
[2016-08-04 11:35:50] EDIT modelo/models/menu-personalizado.py: 3
[2016-08-04 11:36:07] EDIT modelo/models/menu-personalizado.py: 0
[2016-08-04 11:36:21] DELETE modelo/models/menu-personalizado.py: -3
[2016-08-04 11:37:04] EDIT modelo/models/menu.py: -91
[2016-08-04 11:39:49] EDIT modelo/models/menu.py: 2
[2016-08-04 11:40:05] EDIT modelo/models/menu.py: 0
[2016-08-04 11:40:08] EDIT modelo/models/menu.py: 0
[2016-08-04 11:40:12] EDIT modelo/models/menu.py: 0
[2016-08-04 11:40:16] EDIT modelo/models/menu.py: 0
[2016-08-04 11:41:10] EDIT modelo/models/menu.py: 0
[2016-08-04 11:41:51] EDIT modelo/models/menu.py: 0
[2016-08-04 11:44:11] EDIT modelo/models/menu.py: 0
[2016-08-04 11:44:58] CREATE jogos/cadastrar.html: 0
[2016-08-04 11:45:04] EDIT modelo/views/jogos/cadastrar.html: -1
[2016-08-04 11:46:12] EDIT modelo/models/validadores.py: 0
[2016-08-04 11:49:14] EDIT modelo/models/menu.py: 1
[2016-08-04 11:49:51] EDIT modelo/controllers/jogos.py: 0
[2016-08-04 11:50:07] EDIT modelo/controllers/locacoes.py: 0
[2016-08-04 11:50:19] EDIT modelo/controllers/estoque.py: 0
[2016-08-04 11:50:26] EDIT modelo/models/menu.py: 0
[2016-08-04 11:50:35] CREATE jogos/listar.html: 0
[2016-08-04 11:50:40] EDIT modelo/views/jogos/listar.html: -1
[2016-08-04 11:52:39] EDIT modelo/controllers/jogos.py: -36
[2016-08-04 11:53:01] EDIT modelo/models/menu.py: 1
[2016-08-04 11:53:12] EDIT modelo/models/menu.py: -4
[2016-08-04 11:56:34] EDIT modelo/models/menu.py: 0
[2016-08-04 11:57:21] EDIT modelo/models/menu.py: 3
[2016-08-04 11:58:48] EDIT modelo/models/menu.py: 0
[2016-08-04 11:58:57] EDIT modelo/models/menu.py: 1
[2016-08-04 11:59:00] EDIT modelo/models/menu.py: 0
[2016-08-04 11:59:12] EDIT modelo/models/menu.py: 0
[2016-08-04 11:59:14] EDIT modelo/models/menu.py: 0
[2016-08-04 12:00:07] EDIT modelo/controllers/estoque.py: 4
[2016-08-04 12:01:46] EDIT modelo/controllers/estoque.py: 0
[2016-08-04 12:02:13] CREATE estoque/estocar.html: 0
[2016-08-04 12:02:18] EDIT modelo/views/estoque/estocar.html: -1
[2016-08-04 12:03:35] DELETE modelo/views/estoque/estocar.html: -2
[2016-08-04 12:03:42] DELETE modelo/views/jogos/gerenciar.html: -2
[2016-08-04 12:06:02] CREATE estoque/listar.html: 0
[2016-08-04 12:06:16] EDIT modelo/controllers/estoque.py: 0
[2016-08-04 12:08:20] EDIT modelo/views/estoque/listar.html: 1
[2016-08-04 12:13:15] EDIT modelo/views/estoque/listar.html: 20
[2016-08-04 12:13:26] EDIT modelo/views/estoque/listar.html: 0
[2016-08-04 12:13:40] EDIT modelo/views/estoque/listar.html: 1
[2016-08-04 12:13:55] EDIT modelo/views/estoque/listar.html: -2
[2016-08-04 12:14:09] EDIT modelo/views/estoque/listar.html: -1
[2016-08-04 12:14:14] EDIT modelo/views/estoque/listar.html: -1
[2016-08-04 12:14:24] EDIT modelo/views/estoque/listar.html: 0
[2016-08-04 12:16:35] EDIT modelo/views/estoque/listar.html: 4
[2016-08-04 12:17:09] EDIT modelo/views/estoque/listar.html: 0
[2016-08-04 12:17:54] EDIT modelo/views/estoque/listar.html: 0
[2016-08-04 12:18:15] EDIT modelo/controllers/estoque.py: 0
[2016-08-04 12:19:25] EDIT modelo/models/menu.py: 4
[2016-08-04 12:19:40] EDIT modelo/models/menu.py: 0
[2016-08-04 12:19:56] EDIT modelo/models/menu.py: 0
[2016-08-04 12:20:01] EDIT modelo/models/menu.py: 0
[2016-08-04 12:20:14] EDIT modelo/models/menu.py: 0
[2016-08-04 12:20:47] EDIT modelo/models/menu.py: 0
[2016-08-04 12:20:58] EDIT modelo/models/menu.py: 0
[2016-08-04 12:22:19] EDIT modelo/controllers/locacoes.py: 0
[2016-08-04 12:25:21] CREATE cliente.py: 0
[2016-08-04 12:25:47] EDIT modelo/controllers/cliente.py: 2
[2016-08-04 12:25:51] EDIT modelo/models/tabelas.py: 6
[2016-08-04 12:25:53] EDIT modelo/models/tabelas.py: 0
[2016-08-04 12:26:06] EDIT modelo/controllers/cliente.py: 1
[2016-08-04 12:26:33] EDIT modelo/models/validadores.py: 0
[2016-08-04 12:27:20] EDIT modelo/models/validadores.py: 2
[2016-08-04 12:27:38] EDIT modelo/models/tabelas.py: 0
[2016-08-04 12:28:37] EDIT modelo/models/menu.py: 1
[2016-08-04 12:30:07] EDIT modelo/models/validadores.py: 0
[2016-08-04 12:31:39] EDIT modelo/models/tabelas.py: 0
[2016-08-04 12:33:54] EDIT modelo/models/menu.py: 3
[2016-08-04 12:34:03] EDIT modelo/models/menu.py: 0
[2016-08-04 12:34:27] EDIT modelo/models/tabelas.py: 0
[2016-08-04 12:34:37] EDIT modelo/models/tabelas.py: 0
[2016-08-04 12:35:23] EDIT modelo/models/tabelas.py: 0
[2016-08-04 12:36:11] EDIT modelo/models/tabelas.py: 0
[2016-08-04 12:36:21] EDIT modelo/models/tabelas.py: 0
[2016-08-04 12:41:27] EDIT modelo/models/validadores.py: 0
[2016-08-04 12:41:37] EDIT modelo/models/validadores.py: 0
[2016-08-04 12:41:46] EDIT modelo/models/validadores.py: 0
[2016-08-04 12:42:02] EDIT modelo/models/tabelas.py: -2
[2016-08-04 12:43:02] EDIT modelo/models/validadores.py: 0
[2016-08-04 12:43:34] CREATE locacoes/listar.html: 0
[2016-08-04 12:45:47] EDIT modelo/views/locacoes/listar.html: 22
[2016-08-04 12:45:59] EDIT modelo/views/locacoes/listar.html: 0
[2016-08-04 12:46:28] EDIT modelo/views/locacoes/listar.html: 0
[2016-08-04 12:48:34] EDIT modelo/controllers/locacoes.py: 0
[2016-08-04 12:50:40] EDIT modelo/views/locacoes/listar.html: 0
[2016-08-04 12:51:34] EDIT modelo/views/locacoes/listar.html: 2
[2016-08-04 12:52:14] EDIT modelo/views/locacoes/listar.html: 4
[2016-08-04 12:52:20] EDIT modelo/views/locacoes/listar.html: 0
[2016-08-04 12:52:33] EDIT modelo/views/locacoes/listar.html: 0
[2016-08-04 12:52:48] EDIT modelo/views/locacoes/listar.html: 0
[2016-08-04 12:53:09] EDIT modelo/views/locacoes/listar.html: 1
[2016-08-04 12:53:15] EDIT modelo/views/locacoes/listar.html: 0
[2016-08-04 12:53:36] EDIT modelo/views/locacoes/listar.html: 1
[2016-08-04 12:54:21] EDIT modelo/views/locacoes/listar.html: 2
[2016-08-04 12:54:28] EDIT modelo/views/locacoes/listar.html: 0
[2016-08-04 12:55:03] EDIT modelo/views/estoque/listar.html: 2
[2016-08-04 12:55:11] EDIT modelo/views/estoque/listar.html: 0
[2016-08-04 12:55:34] EDIT modelo/views/locacoes/listar.html: 0
[2016-08-04 12:57:34] EDIT modelo/models/tabelas.py: 0
[2016-08-04 12:57:51] EDIT modelo/models/validadores.py: 0
[2016-08-04 12:57:53] EDIT modelo/models/validadores.py: 0
[2016-08-04 13:07:56] EDIT modelo/views/estoque/listar.html: 2
[2016-08-04 13:08:36] EDIT modelo/views/estoque/listar.html: 0
[2016-08-04 13:09:07] EDIT modelo/controllers/estoque.py: 7
[2016-08-04 13:09:29] EDIT modelo/views/estoque/listar.html: 0
[2016-08-04 13:10:01] EDIT modelo/views/estoque/listar.html: 0
[2016-08-04 13:10:07] EDIT modelo/views/estoque/listar.html: 0
[2016-08-04 13:10:20] EDIT modelo/views/estoque/listar.html: 0
[2016-08-04 13:10:25] EDIT modelo/views/estoque/listar.html: 0
[2016-08-04 13:10:42] EDIT modelo/views/estoque/listar.html: 1
[2016-08-04 13:10:53] EDIT modelo/views/estoque/listar.html: 3
[2016-08-04 13:11:02] EDIT modelo/views/estoque/listar.html: 0
[2016-08-04 13:11:05] EDIT modelo/views/estoque/listar.html: 0
[2016-08-04 13:11:14] EDIT modelo/views/estoque/listar.html: 0
[2016-08-04 13:11:19] EDIT modelo/views/estoque/listar.html: 0
[2016-08-04 13:11:37] EDIT modelo/views/estoque/listar.html: 0
[2016-08-04 13:14:01] EDIT modelo/models/validadores.py: 0
[2016-08-04 13:16:04] EDIT modelo/views/locacoes/listar.html: 0
[2016-08-04 13:16:15] EDIT modelo/views/locacoes/listar.html: 0
[2016-08-04 13:16:24] EDIT modelo/views/locacoes/listar.html: 0
[2016-08-04 13:16:52] EDIT modelo/controllers/locacoes.py: 7
[2016-08-04 13:19:30] EDIT modelo/views/estoque/listar.html: 0
[2016-08-04 13:19:34] EDIT modelo/views/estoque/listar.html: 0
[2016-08-04 13:20:46] EDIT modelo/controllers/estoque.py: 0
[2016-08-04 13:21:24] EDIT modelo/views/estoque/listar.html: 0
[2016-08-04 13:23:04] EDIT modelo/controllers/locacoes.py: 0
[2016-08-04 13:23:35] EDIT modelo/controllers/locacoes.py: 0
[2016-08-04 13:26:47] EDIT modelo/views/locacoes/listar.html: 0
[2016-08-04 13:26:50] EDIT modelo/views/locacoes/listar.html: 0
[2016-08-04 13:26:52] EDIT modelo/views/locacoes/listar.html: 0
[2016-08-04 13:26:57] EDIT modelo/views/locacoes/listar.html: 0
[2016-08-04 14:28:45] EDIT locadora/models/tabelas.py: 0
[2016-08-04 14:28:49] EDIT locadora/models/tabelas.py: 0
[2016-08-04 14:29:14] EDIT locadora/models/tabelas.py: 0
[2016-08-04 14:30:05] EDIT locadora/models/validadores.py: 0
[2016-08-04 14:47:47] EDIT locadora/models/validadores.py: 0
[2016-08-04 14:49:47] EDIT locadora/models/validadores.py: 0
[2016-08-04 14:50:00] EDIT locadora/models/validadores.py: 0
[2016-08-04 14:50:14] EDIT locadora/models/validadores.py: 0
[2016-08-04 14:50:17] EDIT locadora/models/validadores.py: 0
[2016-08-04 14:50:32] EDIT locadora/models/validadores.py: 0
[2016-08-04 14:53:54] EDIT locadora/models/validadores.py: 0
[2016-08-04 14:53:54] EDIT locadora/models/validadores.py: 0
